1632739029545:help
1632739062786:exit
1632829945799:help
1632829949631:exit
1632830088099:EXIT
1632830094064:exit
1632830621515:help
1632830650415:copy-once 1
1632830663127:copy-once
1632830692301:exit
1632922872237:help
1632922880095:copy-once 1
1632922902600:stacktrace
1632923018783:exit
1632923147453:copy-once 1
1632923292505:exit
1632923315260:copy-once 0
1632924899443:help
1632924919486:src-sh-cnt
1632924968985:source-shipment-count -from 2021-09-27 --to  2021-09-28
1632925003211:source-shipment-count --from  "2021-09-27" --to  "2021-09-28"
1632925162623:source-shipment-count --from  2021.09.27 --to  2021.09.28
1632925302036:exit
1632925333895:source-shipment-count --from  2021-09-27 --to  2021-09-28
1632926055463:help
1632926224999:source-shipment-count --from "2021-09-2" --to "2021-09-28"
1632926232828:stacktrace
1632926811238:source-shipment-count --from 2021-09-27 --to 2021-09-28
1632926970112:source-shipment-counter --from 2021-09-28 --to 2021-09-29
1632926996855:source-shipment-count --from 2021-09-28 --to 2021-09-29
1632927100905:exit
1632927117901:source-shipment-count --from 2021-09-28 --to 2021-09-29
1632927139182:source-shipment-count --from 2021-09-28 --to 2021-09-28
1632927152247:source-shipment-count --from 2021-09-29 --to 2021-09-29
1632927167801:exit
1633099851024:help
1633099870117:shc
1633099883310:shipment-counts
1633099900524:src-sh-cnt
1633099913605:stacktrace
1633099923148:exit
1633099982161:counts
1633100000148:stacktrace
1633100067184:help
1633100072715:shc
1633100080174:sco 8396516
1633101118947:help
1633101126233:shc
1633101317847:sco 8396516
1633101340274:stacktrace
1633101409071:sco 8396516
1633107619288:exit
1633328758314:help
1633328769149:shc
1633328790086:sco 8585517
1633328795093:shc
1633436122658:help
1633436185885:ырс
1633436190458:shc
1633440749520:help
1633440754171:sco
1633440759068:shc
1633440856804:help
1633440878508:sco 8731984
1633440917309:help
1633440922820:shc
1633440957419:exit
1633441828768:help
1633441841349:sco-date 2021-10-01
1633442139847:sco-date 2021-09-30
1633442207441:exit
